Build started 1/12/2015 2:33:52 PM.
     1>Project "C:\Users\quinn.mosher\Documents\GitHub\glfw-practice\GlfwPractice\GlfwPractice\GlfwPractice.vcxproj" on node 2 (Build target(s)).
     1>ClCompile:
         C:\Program Files (x86)\Microsoft Visual Studio 12.0\VC\bin\CL.exe /c /I"C:\Users\quinn.mosher\Documents\GitHub\glfw-practice\GlfwPractice\\glfw-3.0.4.bin.WIN32\include" /I"C:\Users\quinn.mosher\Documents\GitHub\glfw-practice\GlfwPractice\\glew-1.11.0\include" /I"C:\Users\quinn.mosher\Documents\GitHub\glfw-practice\GlfwPractice\\Simple OpenGL Image Library\src" /ZI /nologo /W3 /WX- /sdl /Od /Oy- /D _MBCS /Gm /EHsc /RTC1 /MDd /GS /fp:precise /Zc:wchar_t /Zc:forScope /Fo"Debug\\" /Fd"Debug\vc120.pdb" /Gd /TP /analyze- /errorReport:prompt main.cpp
         main.cpp
     1>c:\users\quinn.mosher\documents\github\glfw-practice\glfwpractice\glfwpractice\main.cpp(191): warning C4244: '=' : conversion from 'double' to 'float', possible loss of data
     1>c:\users\quinn.mosher\documents\github\glfw-practice\glfwpractice\glfwpractice\main.cpp(193): warning C4244: '=' : conversion from 'double' to 'float', possible loss of data
     1>c:\users\quinn.mosher\documents\github\glfw-practice\glfwpractice\glfwpractice\main.cpp(195): warning C4244: '=' : conversion from 'double' to 'float', possible loss of data
     1>c:\users\quinn.mosher\documents\github\glfw-practice\glfwpractice\glfwpractice\main.cpp(322): warning C4715: 'loadTexture' : not all control paths return a value
       Link:
         C:\Program Files (x86)\Microsoft Visual Studio 12.0\VC\bin\link.exe /ERRORREPORT:PROMPT /OUT:"C:\Users\quinn.mosher\Documents\GitHub\glfw-practice\GlfwPractice\Debug\GlfwPractice.exe" /INCREMENTAL /NOLOGO /LIBPATH:"C:\Users\quinn.mosher\Documents\GitHub\glfw-practice\GlfwPractice\\glfw-3.0.4.bin.WIN32\lib-msvc120" /LIBPATH:"C:\Users\quinn.mosher\Documents\GitHub\glfw-practice\GlfwPractice\\glew-1.11.0\lib\Release\Win32" /LIBPATH:"C:\Users\quinn.mosher\Documents\GitHub\glfw-practice\GlfwPractice\\Simple OpenGL Image Library\projects\VC9\Release" glfw3.lib opengl32.lib glew32.lib SOIL.lib kernel32.lib user32.lib gdi32.lib winspool.lib comdlg32.lib advapi32.lib shell32.lib ole32.lib oleaut32.lib uuid.lib odbc32.lib odbccp32.lib /MANIFEST /MANIFESTUAC:"level='asInvoker' uiAccess='false'" /manifest:embed /DEBUG /PDB:"C:\Users\quinn.mosher\Documents\GitHub\glfw-practice\GlfwPractice\Debug\GlfwPractice.pdb" /TLBID:1 /DYNAMICBASE /NXCOMPAT /IMPLIB:"C:\Users\quinn.mosher\Documents\GitHub\glfw-practice\GlfwPractice\Debug\GlfwPractice.lib" /MACHINE:X86 Debug\main.obj
         SOIL.lib(SOIL.obj) : MSIL .netmodule or module compiled with /GL found; restarting link with /LTCG; add /LTCG to the link command line to improve linker performance
     1>LINK : warning LNK4075: ignoring '/INCREMENTAL' due to '/LTCG' specification
     1>main.obj : warning LNK4075: ignoring '/EDITANDCONTINUE' due to '/OPT:LBR' specification
     1>LINK : warning LNK4098: defaultlib 'MSVCRT' conflicts with use of other libs; use /NODEFAULTLIB:library
         Generating code
         Finished generating code
         GlfwPractice.vcxproj -> C:\Users\quinn.mosher\Documents\GitHub\glfw-practice\GlfwPractice\Debug\GlfwPractice.exe
     1>Done Building Project "C:\Users\quinn.mosher\Documents\GitHub\glfw-practice\GlfwPractice\GlfwPractice\GlfwPractice.vcxproj" (Build target(s)).

Build succeeded.

Time Elapsed 00:00:01.21
